[debug] [2023-04-04T18:46:09.477Z] ----------------------------------------------------------------------
[debug] [2023-04-04T18:46:09.479Z] Command:       C:\Program Files (x86)\nodejs\node.exe C:\Users\hp\AppData\Roaming\npm\node_modules\firebase-tools\lib\bin\firebase.js deploy
[debug] [2023-04-04T18:46:09.479Z] CLI Version:   11.25.2
[debug] [2023-04-04T18:46:09.479Z] Platform:      win32
[debug] [2023-04-04T18:46:09.479Z] Node Version:  v16.16.0
[debug] [2023-04-04T18:46:09.481Z] Time:          Wed Apr 05 2023 00:16:09 GMT+0530 (India Standard Time)
[debug] [2023-04-04T18:46:09.481Z] ----------------------------------------------------------------------
[debug] 
[debug] [2023-04-04T18:46:09.566Z] > command requires scopes: ["email","openid","https://www.googleapis.com/auth/cloudplatformprojects.readonly","https://www.googleapis.com/auth/firebase","https://www.googleapis.com/auth/cloud-platform"]
[debug] [2023-04-04T18:46:09.566Z] > authorizing via signed-in user (animalcomforts2202@gmail.com)
[debug] [2023-04-04T18:46:09.566Z] [iam] checking project animal-comforts-9d146 for permissions ["firebase.projects.get","firebasehosting.sites.update"]
[debug] [2023-04-04T18:46:09.568Z] > refreshing access token with scopes: []
[debug] [2023-04-04T18:46:09.569Z] >>> [apiv2][query] POST https://www.googleapis.com/oauth2/v3/token [none]
[debug] [2023-04-04T18:46:09.569Z] >>> [apiv2][body] POST https://www.googleapis.com/oauth2/v3/token [omitted]
[debug] [2023-04-04T18:46:09.590Z] [iam] error while checking permissions, command may fail: FirebaseError: Authentication Error: Your credentials are no longer valid. Please run firebase login --reauth

For CI servers and headless environments, generate a new token with firebase login:ci
[debug] [2023-04-04T18:46:09.591Z] > refreshing access token with scopes: []
[debug] [2023-04-04T18:46:09.591Z] >>> [apiv2][query] POST https://www.googleapis.com/oauth2/v3/token [none]
[debug] [2023-04-04T18:46:09.591Z] >>> [apiv2][body] POST https://www.googleapis.com/oauth2/v3/token [omitted]
[debug] [2023-04-04T18:46:09.595Z] Authentication Error: Your credentials are no longer valid. Please run firebase login --reauth

For CI servers and headless environments, generate a new token with firebase login:ci
[debug] [2023-04-04T18:46:09.852Z] FirebaseError: Authentication Error: Your credentials are no longer valid. Please run firebase login --reauth

For CI servers and headless environments, generate a new token with firebase login:ci
    at invalidCredentialError (C:\Users\hp\AppData\Roaming\npm\node_modules\firebase-tools\lib\auth.js:144:12)
    at refreshTokens (C:\Users\hp\AppData\Roaming\npm\node_modules\firebase-tools\lib\auth.js:508:15)
    at processTicksAndRejections (node:internal/process/task_queues:96:5)
    at async Client.getAccessToken (C:\Users\hp\AppData\Roaming\npm\node_modules\firebase-tools\lib\apiv2.js:149:23)
    at async Client.addAuthHeader (C:\Users\hp\AppData\Roaming\npm\node_modules\firebase-tools\lib\apiv2.js:140:21)
    at async Client.request (C:\Users\hp\AppData\Roaming\npm\node_modules\firebase-tools\lib\apiv2.js:96:34)
    at async getFirebaseProject (C:\Users\hp\AppData\Roaming\npm\node_modules\firebase-tools\lib\management\projects.js:295:21)
    at async getDefaultHostingSite (C:\Users\hp\AppData\Roaming\npm\node_modules\firebase-tools\lib\getDefaultHostingSite.js:10:21)
    at async requireHostingSite (C:\Users\hp\AppData\Roaming\npm\node_modules\firebase-tools\lib\requireHostingSite.js:9:18)
    at async Object.fn (C:\Users\hp\AppData\Roaming\npm\node_modules\firebase-tools\lib\commands\deploy.js:74:9)
    at async C:\Users\hp\AppData\Roaming\npm\node_modules\firebase-tools\lib\command.js:214:17
[error] 
[error] Error: Failed to get Firebase project animal-comforts-9d146. Please make sure the project exists and your account has permission to access it.
